2021-02-05 11:11:59,128 INFO org.springframework.boot.StartupInfoLogger [restartedMain] Starting PetclinicApplication on LAPTOP-8V5BH0HP with PID 20564 (C:\Users\lenovo\Desktop\WorkSpace-DP\dp1-2020-g1-01\target\classes started by lenovo in C:\Users\lenovo\Desktop\WorkSpace-DP\dp1-2020-g1-01)
2021-02-05 11:11:59,137 INFO org.springframework.boot.SpringApplication [restartedMain] No active profile set, falling back to default profiles: default
2021-02-05 11:11:59,298 INFO org.springframework.boot.logging.DeferredLog [restartedMain] The Class-Path manifest attribute in C:\Users\lenovo\.m2\repository\org\glassfish\jaxb\jaxb-runtime\2.3.2\jaxb-runtime-2.3.2.jar referenced one or more files that do not exist: file:/C:/Users/lenovo/.m2/repository/org/glassfish/jaxb/jaxb-runtime/2.3.2/jakarta.xml.bind-api-2.3.2.jar,file:/C:/Users/lenovo/.m2/repository/org/glassfish/jaxb/jaxb-runtime/2.3.2/txw2-2.3.2.jar,file:/C:/Users/lenovo/.m2/repository/org/glassfish/jaxb/jaxb-runtime/2.3.2/istack-commons-runtime-3.0.8.jar,file:/C:/Users/lenovo/.m2/repository/org/glassfish/jaxb/jaxb-runtime/2.3.2/stax-ex-1.8.1.jar,file:/C:/Users/lenovo/.m2/repository/org/glassfish/jaxb/jaxb-runtime/2.3.2/FastInfoset-1.2.16.jar,file:/C:/Users/lenovo/.m2/repository/org/glassfish/jaxb/jaxb-runtime/2.3.2/jakarta.activation-api-1.2.1.jar
2021-02-05 11:11:59,300 INFO org.springframework.boot.logging.DeferredLog [restartedMain] Devtools property defaults active! Set 'spring.devtools.add-properties' to 'false' to disable
2021-02-05 11:11:59,300 INFO org.springframework.boot.logging.DeferredLog [restartedMain] For additional web related logging consider setting the 'logging.level.web' property to 'DEBUG'
2021-02-05 11:12:01,764 INFO org.springframework.data.repository.config.RepositoryConfigurationDelegate [restartedMain] Bootstrapping Spring Data JPA repositories in DEFAULT mode.
2021-02-05 11:12:02,152 INFO org.springframework.data.repository.config.RepositoryConfigurationDelegate [restartedMain] Finished Spring Data repository scanning in 368ms. Found 17 JPA repository interfaces.
2021-02-05 11:12:03,392 INFO org.springframework.context.support.PostProcessorRegistrationDelegate$BeanPostProcessorChecker [restartedMain] Bean 'org.springframework.transaction.annotation.ProxyTransactionManagementConfiguration' of type [org.springframework.transaction.annotation.ProxyTransactionManagementConfiguration] is not eligible for getting processed by all BeanPostProcessors (for example: not eligible for auto-proxying)
2021-02-05 11:12:05,238 INFO org.springframework.boot.web.embedded.tomcat.TomcatWebServer [restartedMain] Tomcat initialized with port(s): 8081 (http)
2021-02-05 11:12:05,251 INFO org.apache.juli.logging.DirectJDKLog [restartedMain] Initializing ProtocolHandler ["http-nio-8081"]
2021-02-05 11:12:05,252 INFO org.apache.juli.logging.DirectJDKLog [restartedMain] Starting service [Tomcat]
2021-02-05 11:12:05,253 INFO org.apache.juli.logging.DirectJDKLog [restartedMain] Starting Servlet engine: [Apache Tomcat/9.0.30]
2021-02-05 11:12:05,837 INFO org.apache.juli.logging.DirectJDKLog [restartedMain] At least one JAR was scanned for TLDs yet contained no TLDs. Enable debug logging for this logger for a complete list of JARs that were scanned but no TLDs were found in them. Skipping unneeded JARs during scanning can improve startup time and JSP compilation time.
2021-02-05 11:12:05,849 INFO org.apache.juli.logging.DirectJDKLog [restartedMain] Initializing Spring embedded WebApplicationContext
2021-02-05 11:12:05,850 INFO org.springframework.boot.web.servlet.context.ServletWebServerApplicationContext [restartedMain] Root WebApplicationContext: initialization completed in 6549 ms
2021-02-05 11:12:05,977 INFO com.zaxxer.hikari.HikariDataSource [restartedMain] HikariPool-1 - Starting...
2021-02-05 11:12:06,264 INFO com.zaxxer.hikari.HikariDataSource [restartedMain] HikariPool-1 - Start completed.
2021-02-05 11:12:06,277 INFO org.springframework.boot.autoconfigure.h2.H2ConsoleAutoConfiguration [restartedMain] H2 console available at '/h2-console'. Database available at 'jdbc:h2:mem:testdb'
2021-02-05 11:12:06,560 INFO org.hibernate.jpa.internal.util.LogHelper [restartedMain] HHH000204: Processing PersistenceUnitInfo [name: default]
2021-02-05 11:12:06,695 INFO org.hibernate.Version [restartedMain] HHH000412: Hibernate Core {5.4.10.Final}
2021-02-05 11:12:06,920 INFO org.hibernate.annotations.common.reflection.java.JavaReflectionManager [restartedMain] HCANN000001: Hibernate Commons Annotations {5.1.0.Final}
2021-02-05 11:12:07,177 INFO org.hibernate.dialect.Dialect [restartedMain] HHH000400: Using dialect: org.hibernate.dialect.H2Dialect
2021-02-05 11:12:07,964 WARN org.hibernate.mapping.RootClass [restartedMain] HHH000038: Composite-id class does not override equals(): org.springframework.samples.petclinic.model.AsignacionProfesorKey
2021-02-05 11:12:07,965 WARN org.hibernate.mapping.RootClass [restartedMain] HHH000039: Composite-id class does not override hashCode(): org.springframework.samples.petclinic.model.AsignacionProfesorKey
2021-02-05 11:12:10,027 INFO org.hibernate.engine.transaction.jta.platform.internal.JtaPlatformInitiator [restartedMain] HHH000490: Using JtaPlatform implementation: [org.hibernate.engine.transaction.jta.platform.internal.NoJtaPlatform]
2021-02-05 11:12:10,061 INFO org.springframework.orm.jpa.AbstractEntityManagerFactoryBean [restartedMain] Initialized JPA EntityManagerFactory for persistence unit 'default'
2021-02-05 11:12:10,118 INFO org.springframework.boot.devtools.autoconfigure.OptionalLiveReloadServer [restartedMain] LiveReload server is running on port 35729
2021-02-05 11:12:10,317 WARN org.springframework.boot.autoconfigure.orm.jpa.JpaBaseConfiguration$JpaWebConfiguration [restartedMain] spring.jpa.open-in-view is enabled by default. Therefore, database queries may be performed during view rendering. Explicitly configure spring.jpa.open-in-view to disable this warning
2021-02-05 11:12:12,871 INFO org.springframework.security.web.DefaultSecurityFilterChain [restartedMain] Creating filter chain: any request, [org.springframework.security.web.context.request.async.WebAsyncManagerIntegrationFilter@56df9de8, org.springframework.security.web.context.SecurityContextPersistenceFilter@7f8c7c92, org.springframework.security.web.header.HeaderWriterFilter@291d5d10, org.springframework.security.web.csrf.CsrfFilter@7560c3b4, org.springframework.security.web.authentication.logout.LogoutFilter@175c704b, org.springframework.security.web.savedrequest.RequestCacheAwareFilter@23b60ca9, org.springframework.security.web.servletapi.SecurityContextHolderAwareRequestFilter@24991173, org.springframework.security.web.authentication.AnonymousAuthenticationFilter@519ae54f, org.springframework.security.web.session.SessionManagementFilter@e555718, org.springframework.security.web.access.ExceptionTranslationFilter@3ccc87db, org.springframework.security.web.access.intercept.FilterSecurityInterceptor@15d43917]
2021-02-05 11:12:13,384 INFO org.springframework.scheduling.concurrent.ExecutorConfigurationSupport [restartedMain] Initializing ExecutorService 'applicationTaskExecutor'
2021-02-05 11:13:20,923 INFO org.apache.juli.logging.DirectJDKLog [restartedMain] Starting ProtocolHandler ["http-nio-8081"]
2021-02-05 11:13:21,092 INFO org.springframework.boot.web.embedded.tomcat.TomcatWebServer [restartedMain] Tomcat started on port(s): 8081 (http) with context path ''
2021-02-05 11:13:21,112 INFO org.springframework.boot.StartupInfoLogger [restartedMain] Started PetclinicApplication in 83.54 seconds (JVM running for 84.989)
2021-02-05 11:13:24,756 INFO org.apache.juli.logging.DirectJDKLog [http-nio-8081-exec-1] Initializing Spring DispatcherServlet 'dispatcherServlet'
2021-02-05 11:13:24,757 INFO org.springframework.web.servlet.FrameworkServlet [http-nio-8081-exec-1] Initializing Servlet 'dispatcherServlet'
2021-02-05 11:13:24,779 INFO org.springframework.web.servlet.FrameworkServlet [http-nio-8081-exec-1] Completed initialization in 21 ms
2021-02-05 11:13:25,019 INFO org.springframework.samples.petclinic.web.UsuarioController [http-nio-8081-exec-2] Auth: usuario
2021-02-05 11:13:25,040 WARN org.springframework.web.servlet.handler.AbstractHandlerExceptionResolver [http-nio-8081-exec-1] Resolved [java.lang.NullPointerException]
2021-02-05 11:15:14,073 INFO org.springframework.samples.petclinic.web.UsuarioController [http-nio-8081-exec-9] Auth: usuario
2021-02-05 11:15:14,074 WARN org.springframework.web.servlet.handler.AbstractHandlerExceptionResolver [http-nio-8081-exec-10] Resolved [java.lang.NullPointerException]
2021-02-05 11:16:39,995 INFO org.springframework.scheduling.concurrent.ExecutorConfigurationSupport [Thread-5] Shutting down ExecutorService 'applicationTaskExecutor'
2021-02-05 11:16:40,004 INFO org.springframework.orm.jpa.AbstractEntityManagerFactoryBean [Thread-5] Closing JPA EntityManagerFactory for persistence unit 'default'
2021-02-05 11:16:40,006 INFO org.hibernate.tool.schema.internal.SchemaDropperImpl$DelayedDropActionImpl [Thread-5] HHH000477: Starting delayed evictData of schema as part of SessionFactory shut-down'
2021-02-05 11:16:40,011 ERROR org.hibernate.tool.schema.internal.SchemaDropperImpl$DelayedDropActionImpl [Thread-5] HHH000478: Unsuccessful: 
    drop table alumnos if exists
2021-02-05 11:16:40,018 ERROR org.hibernate.tool.schema.internal.SchemaDropperImpl$DelayedDropActionImpl [Thread-5] HHH000478: Unsuccessful: 
    drop table cursos if exists
2021-02-05 11:16:40,019 ERROR org.hibernate.tool.schema.internal.SchemaDropperImpl$DelayedDropActionImpl [Thread-5] HHH000478: Unsuccessful: 
    drop table eventos if exists
2021-02-05 11:16:40,020 ERROR org.hibernate.tool.schema.internal.SchemaDropperImpl$DelayedDropActionImpl [Thread-5] HHH000478: Unsuccessful: 
    drop table grupos if exists
2021-02-05 11:16:40,030 ERROR org.hibernate.tool.schema.internal.SchemaDropperImpl$DelayedDropActionImpl [Thread-5] HHH000478: Unsuccessful: 
    drop table tipos_eventos if exists
2021-02-05 11:16:40,032 ERROR org.hibernate.tool.schema.internal.SchemaDropperImpl$DelayedDropActionImpl [Thread-5] HHH000478: Unsuccessful: 
    drop table tutores if exists
2021-02-05 11:16:40,264 WARN org.springframework.beans.factory.support.DisposableBeanAdapter [Thread-5] Invocation of destroy method failed on bean with name 'inMemoryDatabaseShutdownExecutor': org.h2.jdbc.JdbcSQLNonTransientConnectionException: La base de datos ya esta cerrada (para des-habilitar el cerrado automatico durante el shutdown de la VM, agregue ";DB_CLOSE_ON_EXIT=FALSE" a la URL de conexión)
Database is already closed (to disable automatic closing at VM shutdown, add ";DB_CLOSE_ON_EXIT=FALSE" to the db URL) [90121-200]
2021-02-05 11:16:40,264 INFO com.zaxxer.hikari.HikariDataSource [Thread-5] HikariPool-1 - Shutdown initiated...
2021-02-05 11:16:40,270 INFO com.zaxxer.hikari.HikariDataSource [Thread-5] HikariPool-1 - Shutdown completed.
2021-02-05 11:16:41,360 INFO org.springframework.boot.StartupInfoLogger [restartedMain] Starting PetclinicApplication on LAPTOP-8V5BH0HP with PID 20564 (C:\Users\lenovo\Desktop\WorkSpace-DP\dp1-2020-g1-01\target\classes started by lenovo in C:\Users\lenovo\Desktop\WorkSpace-DP\dp1-2020-g1-01)
2021-02-05 11:16:41,361 INFO org.springframework.boot.SpringApplication [restartedMain] No active profile set, falling back to default profiles: default
2021-02-05 11:16:43,349 INFO org.springframework.data.repository.config.RepositoryConfigurationDelegate [restartedMain] Bootstrapping Spring Data JPA repositories in DEFAULT mode.
2021-02-05 11:16:44,785 INFO org.springframework.data.repository.config.RepositoryConfigurationDelegate [restartedMain] Finished Spring Data repository scanning in 1434ms. Found 17 JPA repository interfaces.
2021-02-05 11:16:45,031 INFO org.springframework.context.support.PostProcessorRegistrationDelegate$BeanPostProcessorChecker [restartedMain] Bean 'org.springframework.transaction.annotation.ProxyTransactionManagementConfiguration' of type [org.springframework.transaction.annotation.ProxyTransactionManagementConfiguration] is not eligible for getting processed by all BeanPostProcessors (for example: not eligible for auto-proxying)
2021-02-05 11:16:45,397 INFO org.springframework.boot.web.embedded.tomcat.TomcatWebServer [restartedMain] Tomcat initialized with port(s): 8081 (http)
2021-02-05 11:16:45,398 INFO org.apache.juli.logging.DirectJDKLog [restartedMain] Initializing ProtocolHandler ["http-nio-8081"]
2021-02-05 11:16:45,399 INFO org.apache.juli.logging.DirectJDKLog [restartedMain] Starting service [Tomcat]
2021-02-05 11:16:45,400 INFO org.apache.juli.logging.DirectJDKLog [restartedMain] Starting Servlet engine: [Apache Tomcat/9.0.30]
2021-02-05 11:16:45,614 INFO org.apache.juli.logging.DirectJDKLog [restartedMain] At least one JAR was scanned for TLDs yet contained no TLDs. Enable debug logging for this logger for a complete list of JARs that were scanned but no TLDs were found in them. Skipping unneeded JARs during scanning can improve startup time and JSP compilation time.
2021-02-05 11:16:45,621 INFO org.apache.juli.logging.DirectJDKLog [restartedMain] Initializing Spring embedded WebApplicationContext
2021-02-05 11:16:45,621 INFO org.springframework.boot.web.servlet.context.ServletWebServerApplicationContext [restartedMain] Root WebApplicationContext: initialization completed in 4251 ms
2021-02-05 11:16:45,660 INFO com.zaxxer.hikari.HikariDataSource [restartedMain] HikariPool-2 - Starting...
2021-02-05 11:16:45,666 INFO com.zaxxer.hikari.HikariDataSource [restartedMain] HikariPool-2 - Start completed.
2021-02-05 11:16:45,666 INFO org.springframework.boot.autoconfigure.h2.H2ConsoleAutoConfiguration [restartedMain] H2 console available at '/h2-console'. Database available at 'jdbc:h2:mem:testdb'
2021-02-05 11:16:45,833 INFO org.hibernate.jpa.internal.util.LogHelper [restartedMain] HHH000204: Processing PersistenceUnitInfo [name: default]
2021-02-05 11:16:45,847 INFO org.hibernate.dialect.Dialect [restartedMain] HHH000400: Using dialect: org.hibernate.dialect.H2Dialect
2021-02-05 11:16:45,970 WARN org.hibernate.mapping.RootClass [restartedMain] HHH000038: Composite-id class does not override equals(): org.springframework.samples.petclinic.model.AsignacionProfesorKey
2021-02-05 11:16:45,970 WARN org.hibernate.mapping.RootClass [restartedMain] HHH000039: Composite-id class does not override hashCode(): org.springframework.samples.petclinic.model.AsignacionProfesorKey
2021-02-05 11:16:46,437 INFO org.hibernate.engine.transaction.jta.platform.internal.JtaPlatformInitiator [restartedMain] HHH000490: Using JtaPlatform implementation: [org.hibernate.engine.transaction.jta.platform.internal.NoJtaPlatform]
2021-02-05 11:16:46,438 INFO org.springframework.orm.jpa.AbstractEntityManagerFactoryBean [restartedMain] Initialized JPA EntityManagerFactory for persistence unit 'default'
2021-02-05 11:16:46,446 INFO org.springframework.boot.devtools.autoconfigure.OptionalLiveReloadServer [restartedMain] LiveReload server is running on port 35729
2021-02-05 11:16:46,621 WARN org.springframework.boot.autoconfigure.orm.jpa.JpaBaseConfiguration$JpaWebConfiguration [restartedMain] spring.jpa.open-in-view is enabled by default. Therefore, database queries may be performed during view rendering. Explicitly configure spring.jpa.open-in-view to disable this warning
2021-02-05 11:16:48,123 INFO org.springframework.security.web.DefaultSecurityFilterChain [restartedMain] Creating filter chain: any request, [org.springframework.security.web.context.request.async.WebAsyncManagerIntegrationFilter@74f7c2b6, org.springframework.security.web.context.SecurityContextPersistenceFilter@61814774, org.springframework.security.web.header.HeaderWriterFilter@68d19754, org.springframework.security.web.csrf.CsrfFilter@6b1f180e, org.springframework.security.web.authentication.logout.LogoutFilter@241d7c2c, org.springframework.security.web.savedrequest.RequestCacheAwareFilter@3661e159, org.springframework.security.web.servletapi.SecurityContextHolderAwareRequestFilter@526ebbf6, org.springframework.security.web.authentication.AnonymousAuthenticationFilter@6dd81da6, org.springframework.security.web.session.SessionManagementFilter@72cdfe4b, org.springframework.security.web.access.ExceptionTranslationFilter@f5b0d90, org.springframework.security.web.access.intercept.FilterSecurityInterceptor@49a87e71]
2021-02-05 11:16:48,235 INFO org.springframework.scheduling.concurrent.ExecutorConfigurationSupport [restartedMain] Initializing ExecutorService 'applicationTaskExecutor'
2021-02-05 11:17:45,662 INFO org.apache.juli.logging.DirectJDKLog [restartedMain] Starting ProtocolHandler ["http-nio-8081"]
2021-02-05 11:17:45,669 INFO org.springframework.boot.web.embedded.tomcat.TomcatWebServer [restartedMain] Tomcat started on port(s): 8081 (http) with context path ''
2021-02-05 11:17:45,670 INFO org.springframework.boot.StartupInfoLogger [restartedMain] Started PetclinicApplication in 64.432 seconds (JVM running for 349.546)
2021-02-05 11:17:45,673 INFO org.springframework.boot.devtools.autoconfigure.ConditionEvaluationDeltaLoggingListener [restartedMain] Condition evaluation unchanged
2021-02-05 11:17:57,950 INFO org.apache.juli.logging.DirectJDKLog [http-nio-8081-exec-1] Initializing Spring DispatcherServlet 'dispatcherServlet'
2021-02-05 11:17:57,953 INFO org.springframework.web.servlet.FrameworkServlet [http-nio-8081-exec-1] Initializing Servlet 'dispatcherServlet'
2021-02-05 11:17:57,959 INFO org.springframework.web.servlet.FrameworkServlet [http-nio-8081-exec-1] Completed initialization in 4 ms
2021-02-05 11:17:58,763 INFO org.springframework.samples.petclinic.web.UsuarioController [http-nio-8081-exec-3] Auth: usuario
2021-02-05 11:17:58,764 WARN org.springframework.web.servlet.handler.AbstractHandlerExceptionResolver [http-nio-8081-exec-2] Resolved [java.lang.NullPointerException]
2021-02-05 11:31:46,086 INFO org.springframework.samples.petclinic.service.UsuarioService [http-nio-8081-exec-8] Type of user: alumno
2021-02-05 11:31:46,100 INFO org.springframework.samples.petclinic.web.UsuarioController [http-nio-8081-exec-8] Javi login: alumno
2021-02-05 11:31:46,137 INFO org.springframework.samples.petclinic.web.SolicitudController [http-nio-8081-exec-9] Has iniciado sesion como: alumno
2021-02-05 11:31:46,138 INFO org.springframework.samples.petclinic.web.SolicitudController [http-nio-8081-exec-9] no estas autorizado
2021-02-05 11:31:46,138 INFO org.springframework.samples.petclinic.web.UsuarioController [http-nio-8081-exec-10] Auth: alumno
2021-02-05 11:31:51,574 WARN org.springframework.web.servlet.handler.AbstractHandlerExceptionResolver [http-nio-8081-exec-3] Resolved [java.lang.NullPointerException]
2021-02-05 11:31:51,579 INFO org.springframework.samples.petclinic.web.UsuarioController [http-nio-8081-exec-2] Auth: usuario
2021-02-05 11:34:15,413 INFO org.springframework.samples.petclinic.web.UsuarioController [http-nio-8081-exec-8] Auth: usuario
2021-02-05 11:34:15,413 WARN org.springframework.web.servlet.handler.AbstractHandlerExceptionResolver [http-nio-8081-exec-7] Resolved [java.lang.NullPointerException]
2021-02-05 11:34:15,848 WARN org.springframework.web.servlet.handler.AbstractHandlerExceptionResolver [http-nio-8081-exec-10] Resolved [java.lang.NullPointerException]
2021-02-05 11:34:15,849 INFO org.springframework.samples.petclinic.web.UsuarioController [http-nio-8081-exec-9] Auth: usuario
2021-02-05 11:34:36,867 WARN org.springframework.web.servlet.handler.AbstractHandlerExceptionResolver [http-nio-8081-exec-4] Resolved [java.lang.NullPointerException]
2021-02-05 11:34:36,875 INFO org.springframework.samples.petclinic.web.UsuarioController [http-nio-8081-exec-5] Auth: usuario
2021-02-05 11:34:37,175 WARN org.springframework.web.servlet.handler.AbstractHandlerExceptionResolver [http-nio-8081-exec-8] Resolved [java.lang.NullPointerException]
2021-02-05 11:34:37,178 INFO org.springframework.samples.petclinic.web.UsuarioController [http-nio-8081-exec-7] Auth: usuario
2021-02-05 11:35:26,743 WARN org.springframework.web.servlet.handler.AbstractHandlerExceptionResolver [http-nio-8081-exec-3] Resolved [java.lang.NullPointerException]
2021-02-05 11:35:26,743 INFO org.springframework.samples.petclinic.web.UsuarioController [http-nio-8081-exec-6] Auth: usuario
2021-02-05 11:35:26,978 WARN org.springframework.web.servlet.handler.AbstractHandlerExceptionResolver [http-nio-8081-exec-5] Resolved [java.lang.NullPointerException]
2021-02-05 11:35:26,980 INFO org.springframework.samples.petclinic.web.UsuarioController [http-nio-8081-exec-4] Auth: usuario
2021-02-05 11:41:23,807 WARN org.springframework.web.servlet.handler.AbstractHandlerExceptionResolver [http-nio-8081-exec-1] Resolved [java.lang.NullPointerException]
2021-02-05 11:41:23,806 INFO org.springframework.samples.petclinic.web.UsuarioController [http-nio-8081-exec-2] Auth: usuario
2021-02-05 11:41:23,840 WARN org.springframework.web.servlet.handler.AbstractHandlerExceptionResolver [http-nio-8081-exec-6] Resolved [java.lang.NullPointerException]
2021-02-05 11:41:23,841 INFO org.springframework.samples.petclinic.web.UsuarioController [http-nio-8081-exec-3] Auth: usuario
2021-02-05 11:48:04,747 INFO org.springframework.samples.petclinic.web.UsuarioController [http-nio-8081-exec-10] Auth: usuario
2021-02-05 11:48:04,748 WARN org.springframework.web.servlet.handler.AbstractHandlerExceptionResolver [http-nio-8081-exec-9] Resolved [java.lang.NullPointerException]
2021-02-05 11:49:47,127 WARN org.springframework.web.servlet.handler.AbstractHandlerExceptionResolver [http-nio-8081-exec-3] Resolved [java.lang.NullPointerException]
2021-02-05 11:49:47,127 INFO org.springframework.samples.petclinic.web.UsuarioController [http-nio-8081-exec-6] Auth: usuario
2021-02-05 11:57:58,092 WARN org.springframework.web.servlet.handler.AbstractHandlerExceptionResolver [http-nio-8081-exec-8] Resolved [java.lang.NullPointerException]
2021-02-05 11:57:58,085 INFO org.springframework.samples.petclinic.web.UsuarioController [http-nio-8081-exec-7] Auth: usuario
2021-02-05 11:57:59,146 WARN org.springframework.web.servlet.handler.AbstractHandlerExceptionResolver [http-nio-8081-exec-10] Resolved [java.lang.NullPointerException]
2021-02-05 11:57:59,154 INFO org.springframework.samples.petclinic.web.UsuarioController [http-nio-8081-exec-9] Auth: usuario
2021-02-05 11:58:06,191 INFO org.springframework.samples.petclinic.web.UsuarioController [http-nio-8081-exec-1] Auth: usuario
2021-02-05 11:58:06,192 WARN org.springframework.web.servlet.handler.AbstractHandlerExceptionResolver [http-nio-8081-exec-2] Resolved [java.lang.NullPointerException]
2021-02-05 11:58:20,378 WARN org.springframework.web.servlet.handler.AbstractHandlerExceptionResolver [http-nio-8081-exec-7] Resolved [java.lang.NullPointerException]
2021-02-05 11:58:20,386 INFO org.springframework.samples.petclinic.web.UsuarioController [http-nio-8081-exec-8] Auth: usuario
2021-02-05 11:58:20,681 WARN org.springframework.web.servlet.handler.AbstractHandlerExceptionResolver [http-nio-8081-exec-9] Resolved [java.lang.NullPointerException]
2021-02-05 11:58:20,687 INFO org.springframework.samples.petclinic.web.UsuarioController [http-nio-8081-exec-10] Auth: usuario
2021-02-05 11:58:44,325 WARN org.springframework.web.servlet.handler.AbstractHandlerExceptionResolver [http-nio-8081-exec-5] Resolved [java.lang.NullPointerException]
2021-02-05 11:58:44,330 INFO org.springframework.samples.petclinic.web.UsuarioController [http-nio-8081-exec-4] Auth: usuario
2021-02-05 11:58:44,845 WARN org.springframework.web.servlet.handler.AbstractHandlerExceptionResolver [http-nio-8081-exec-8] Resolved [java.lang.NullPointerException]
2021-02-05 11:58:44,848 INFO org.springframework.samples.petclinic.web.UsuarioController [http-nio-8081-exec-7] Auth: usuario
2021-02-05 11:58:46,121 WARN org.springframework.web.servlet.handler.AbstractHandlerExceptionResolver [http-nio-8081-exec-9] Resolved [java.lang.NullPointerException]
2021-02-05 11:58:46,124 INFO org.springframework.samples.petclinic.web.UsuarioController [http-nio-8081-exec-10] Auth: usuario
2021-02-05 11:58:56,014 WARN org.springframework.web.servlet.handler.AbstractHandlerExceptionResolver [http-nio-8081-exec-4] Resolved [java.lang.NullPointerException]
2021-02-05 11:58:56,036 INFO org.springframework.samples.petclinic.web.UsuarioController [http-nio-8081-exec-5] Auth: usuario
2021-02-05 11:59:18,926 INFO org.springframework.samples.petclinic.web.UsuarioController [http-nio-8081-exec-9] Auth: usuario
2021-02-05 11:59:18,925 WARN org.springframework.web.servlet.handler.AbstractHandlerExceptionResolver [http-nio-8081-exec-10] Resolved [java.lang.NullPointerException]
2021-02-05 12:00:12,552 WARN org.springframework.web.servlet.handler.AbstractHandlerExceptionResolver [http-nio-8081-exec-6] Resolved [java.lang.NullPointerException]
2021-02-05 12:00:12,576 INFO org.springframework.samples.petclinic.web.UsuarioController [http-nio-8081-exec-3] Auth: usuario
2021-02-05 12:00:29,310 WARN org.springframework.web.servlet.handler.AbstractHandlerExceptionResolver [http-nio-8081-exec-8] Resolved [java.lang.NullPointerException]
2021-02-05 12:00:29,320 INFO org.springframework.samples.petclinic.web.UsuarioController [http-nio-8081-exec-7] Auth: usuario
2021-02-05 12:03:06,317 INFO org.springframework.samples.petclinic.web.UsuarioController [http-nio-8081-exec-1] Auth: usuario
2021-02-05 12:03:06,316 WARN org.springframework.web.servlet.handler.AbstractHandlerExceptionResolver [http-nio-8081-exec-2] Resolved [java.lang.NullPointerException]
2021-02-05 12:03:09,136 WARN org.springframework.web.servlet.handler.AbstractHandlerExceptionResolver [http-nio-8081-exec-3] Resolved [java.lang.NullPointerException]
2021-02-05 12:03:09,136 INFO org.springframework.samples.petclinic.web.UsuarioController [http-nio-8081-exec-6] Auth: usuario
2021-02-05 12:03:11,764 WARN org.springframework.web.servlet.handler.AbstractHandlerExceptionResolver [http-nio-8081-exec-5] Resolved [java.lang.NullPointerException]
2021-02-05 12:03:11,768 INFO org.springframework.samples.petclinic.web.UsuarioController [http-nio-8081-exec-4] Auth: usuario
2021-02-05 12:03:13,770 WARN org.springframework.web.servlet.handler.AbstractHandlerExceptionResolver [http-nio-8081-exec-1] Resolved [java.lang.NullPointerException]
2021-02-05 12:03:13,772 INFO org.springframework.samples.petclinic.web.UsuarioController [http-nio-8081-exec-2] Auth: usuario
2021-02-05 12:05:14,182 WARN org.springframework.web.servlet.handler.AbstractHandlerExceptionResolver [http-nio-8081-exec-4] Resolved [java.lang.NullPointerException]
2021-02-05 12:05:14,183 INFO org.springframework.samples.petclinic.web.UsuarioController [http-nio-8081-exec-5] Auth: usuario
2021-02-05 12:05:22,410 WARN org.springframework.web.servlet.handler.AbstractHandlerExceptionResolver [http-nio-8081-exec-8] Resolved [java.lang.NullPointerException]
2021-02-05 12:05:22,416 INFO org.springframework.samples.petclinic.web.UsuarioController [http-nio-8081-exec-7] Auth: usuario
2021-02-05 12:05:24,954 WARN org.springframework.web.servlet.handler.AbstractHandlerExceptionResolver [http-nio-8081-exec-2] Resolved [java.lang.NullPointerException]
2021-02-05 12:05:24,959 INFO org.springframework.samples.petclinic.web.UsuarioController [http-nio-8081-exec-1] Auth: usuario
2021-02-05 12:05:25,926 WARN org.springframework.web.servlet.handler.AbstractHandlerExceptionResolver [http-nio-8081-exec-3] Resolved [java.lang.NullPointerException]
2021-02-05 12:05:25,932 INFO org.springframework.samples.petclinic.web.UsuarioController [http-nio-8081-exec-6] Auth: usuario
2021-02-05 12:05:28,861 WARN org.springframework.web.servlet.handler.AbstractHandlerExceptionResolver [http-nio-8081-exec-5] Resolved [java.lang.NullPointerException]
2021-02-05 12:05:28,862 INFO org.springframework.samples.petclinic.web.UsuarioController [http-nio-8081-exec-4] Auth: usuario
2021-02-05 12:05:34,379 WARN org.springframework.web.servlet.handler.AbstractHandlerExceptionResolver [http-nio-8081-exec-10] Resolved [java.lang.NullPointerException]
2021-02-05 12:05:34,379 INFO org.springframework.samples.petclinic.web.UsuarioController [http-nio-8081-exec-9] Auth: usuario
2021-02-05 12:05:44,229 INFO org.springframework.samples.petclinic.service.UsuarioService [http-nio-8081-exec-3] Type of user: alumno
2021-02-05 12:05:44,235 INFO org.springframework.samples.petclinic.web.UsuarioController [http-nio-8081-exec-3] Javi login: alumno
2021-02-05 12:05:44,313 INFO org.springframework.samples.petclinic.web.SolicitudController [http-nio-8081-exec-6] Has iniciado sesion como: alumno
2021-02-05 12:05:44,316 INFO org.springframework.samples.petclinic.web.SolicitudController [http-nio-8081-exec-6] no estas autorizado
2021-02-05 12:05:44,318 INFO org.springframework.samples.petclinic.web.UsuarioController [http-nio-8081-exec-4] Auth: alumno
2021-02-05 12:05:46,004 INFO org.springframework.samples.petclinic.web.AlumnoController [http-nio-8081-exec-5] Sesion: alumno
2021-02-05 12:05:46,266 INFO org.springframework.samples.petclinic.web.UsuarioController [http-nio-8081-exec-7] Auth: alumno
2021-02-05 12:05:47,769 WARN org.springframework.web.servlet.handler.AbstractHandlerExceptionResolver [http-nio-8081-exec-10] Resolved [java.lang.NullPointerException]
2021-02-05 12:05:47,771 INFO org.springframework.samples.petclinic.web.UsuarioController [http-nio-8081-exec-1] Auth: usuario
2021-02-05 12:06:04,971 WARN org.springframework.web.servlet.handler.AbstractHandlerExceptionResolver [http-nio-8081-exec-6] Resolved [java.lang.NullPointerException]
2021-02-05 12:06:04,976 INFO org.springframework.samples.petclinic.web.UsuarioController [http-nio-8081-exec-5] Auth: usuario
2021-02-05 12:06:05,053 WARN org.springframework.web.servlet.handler.AbstractHandlerExceptionResolver [http-nio-8081-exec-7] Resolved [java.lang.NullPointerException]
2021-02-05 12:06:05,056 INFO org.springframework.samples.petclinic.web.UsuarioController [http-nio-8081-exec-8] Auth: usuario
2021-02-05 12:08:21,810 INFO org.springframework.samples.petclinic.web.UsuarioController [http-nio-8081-exec-2] Auth: usuario
2021-02-05 12:08:21,823 WARN org.springframework.web.servlet.handler.AbstractHandlerExceptionResolver [http-nio-8081-exec-3] Resolved [java.lang.NullPointerException]
2021-02-05 12:08:27,563 INFO org.springframework.samples.petclinic.service.UsuarioService [http-nio-8081-exec-5] Type of user: profesor
2021-02-05 12:08:27,565 INFO org.springframework.samples.petclinic.web.UsuarioController [http-nio-8081-exec-5] MaribelJavi login: profesor
2021-02-05 12:08:27,635 INFO org.springframework.samples.petclinic.web.SolicitudController [http-nio-8081-exec-6] Has iniciado sesion como: profesor
2021-02-05 12:08:27,636 INFO org.springframework.samples.petclinic.web.SolicitudController [http-nio-8081-exec-6] funciona esto
2021-02-05 12:08:27,637 INFO org.springframework.samples.petclinic.web.UsuarioController [http-nio-8081-exec-7] Auth: profesor
2021-02-05 12:45:57,627 INFO org.springframework.samples.petclinic.service.UsuarioService [http-nio-8081-exec-4] Type of user: profesor
2021-02-05 12:45:57,634 INFO org.springframework.samples.petclinic.web.UsuarioController [http-nio-8081-exec-4] MaribelJavi login: profesor
2021-02-05 12:45:57,690 INFO org.springframework.samples.petclinic.web.UsuarioController [http-nio-8081-exec-3] Auth: profesor
2021-02-05 12:45:57,686 INFO org.springframework.samples.petclinic.web.SolicitudController [http-nio-8081-exec-2] Has iniciado sesion como: profesor
2021-02-05 12:45:57,693 INFO org.springframework.samples.petclinic.web.SolicitudController [http-nio-8081-exec-2] funciona esto
2021-02-05 12:45:58,881 INFO org.springframework.samples.petclinic.web.UsuarioController [http-nio-8081-exec-5] Auth: profesor
2021-02-05 12:45:58,893 INFO org.springframework.samples.petclinic.web.AlumnoController [http-nio-8081-exec-7] Has iniciado sesion como: profesor
2021-02-05 12:45:58,893 INFO org.springframework.samples.petclinic.web.AlumnoController [http-nio-8081-exec-6] Has iniciado sesion como: profesor
2021-02-05 12:45:58,895 INFO org.springframework.samples.petclinic.web.AlumnoController [http-nio-8081-exec-1] Has iniciado sesion como: profesor
2021-02-05 12:47:41,829 INFO org.springframework.samples.petclinic.web.UsuarioController [http-nio-8081-exec-2] Auth: profesor
2021-02-05 12:47:41,830 INFO org.springframework.samples.petclinic.web.AlumnoController [http-nio-8081-exec-5] Has iniciado sesion como: profesor
2021-02-05 12:47:41,831 INFO org.springframework.samples.petclinic.web.AlumnoController [http-nio-8081-exec-1] Has iniciado sesion como: profesor
2021-02-05 12:47:41,836 INFO org.springframework.samples.petclinic.web.AlumnoController [http-nio-8081-exec-6] Has iniciado sesion como: profesor
2021-02-05 12:48:05,844 INFO org.springframework.samples.petclinic.web.UsuarioController [http-nio-8081-exec-7] Auth: profesor
2021-02-05 12:48:05,851 INFO org.springframework.samples.petclinic.web.AlumnoController [http-nio-8081-exec-10] Has iniciado sesion como: profesor
2021-02-05 12:48:05,851 INFO org.springframework.samples.petclinic.web.AlumnoController [http-nio-8081-exec-8] Has iniciado sesion como: profesor
2021-02-05 12:48:05,852 INFO org.springframework.samples.petclinic.web.AlumnoController [http-nio-8081-exec-9] Has iniciado sesion como: profesor
2021-02-05 12:48:11,469 INFO org.springframework.samples.petclinic.web.UsuarioController [http-nio-8081-exec-4] Auth: profesor
2021-02-05 12:48:11,472 INFO org.springframework.samples.petclinic.web.AlumnoController [http-nio-8081-exec-2] Has iniciado sesion como: profesor
2021-02-05 12:48:11,474 INFO org.springframework.samples.petclinic.web.AlumnoController [http-nio-8081-exec-3] Has iniciado sesion como: profesor
2021-02-05 12:48:11,475 INFO org.springframework.samples.petclinic.web.AlumnoController [http-nio-8081-exec-1] Has iniciado sesion como: profesor
2021-02-05 12:53:15,893 INFO org.springframework.samples.petclinic.web.UsuarioController [http-nio-8081-exec-9] Auth: profesor
2021-02-05 12:53:15,895 INFO org.springframework.samples.petclinic.web.AlumnoController [http-nio-8081-exec-8] Has iniciado sesion como: profesor
2021-02-05 12:53:15,899 INFO org.springframework.samples.petclinic.web.AlumnoController [http-nio-8081-exec-4] Has iniciado sesion como: profesor
2021-02-05 12:53:15,901 INFO org.springframework.samples.petclinic.web.AlumnoController [http-nio-8081-exec-2] Has iniciado sesion como: profesor
2021-02-05 13:08:28,109 INFO org.springframework.samples.petclinic.web.UsuarioController [http-nio-8081-exec-9] Auth: usuario
2021-02-05 13:08:28,121 WARN org.springframework.web.servlet.handler.AbstractHandlerExceptionResolver [http-nio-8081-exec-10] Resolved [java.lang.NullPointerException]
2021-02-05 13:09:03,220 WARN org.springframework.web.servlet.handler.AbstractHandlerExceptionResolver [http-nio-8081-exec-4] Resolved [java.lang.NullPointerException]
2021-02-05 13:09:03,222 INFO org.springframework.samples.petclinic.web.UsuarioController [http-nio-8081-exec-2] Auth: usuario
2021-02-05 13:39:33,018 INFO org.springframework.samples.petclinic.service.UsuarioService [http-nio-8081-exec-6] Type of user: profesor
2021-02-05 13:39:33,039 INFO org.springframework.samples.petclinic.web.UsuarioController [http-nio-8081-exec-6] MaribelJavi login: profesor
2021-02-05 13:39:33,149 INFO org.springframework.samples.petclinic.web.SolicitudController [http-nio-8081-exec-5] Has iniciado sesion como: profesor
2021-02-05 13:39:33,150 INFO org.springframework.samples.petclinic.web.SolicitudController [http-nio-8081-exec-5] funciona esto
2021-02-05 13:39:33,156 INFO org.springframework.samples.petclinic.web.UsuarioController [http-nio-8081-exec-3] Auth: profesor
2021-02-05 13:40:16,990 INFO org.springframework.samples.petclinic.web.SolicitudController [http-nio-8081-exec-10] Has iniciado sesion como: profesor
2021-02-05 13:40:16,992 INFO org.springframework.samples.petclinic.web.SolicitudController [http-nio-8081-exec-10] funciona esto
2021-02-05 13:40:16,991 INFO org.springframework.samples.petclinic.web.UsuarioController [http-nio-8081-exec-2] Auth: profesor
2021-02-05 13:41:17,574 INFO org.springframework.samples.petclinic.web.SolicitudController [http-nio-8081-exec-8] Has iniciado sesion como: profesor
2021-02-05 13:41:17,575 INFO org.springframework.samples.petclinic.web.SolicitudController [http-nio-8081-exec-8] funciona esto
2021-02-05 13:41:17,594 INFO org.springframework.samples.petclinic.web.UsuarioController [http-nio-8081-exec-6] Auth: profesor
2021-02-05 13:41:18,846 INFO org.springframework.samples.petclinic.web.SolicitudController [http-nio-8081-exec-3] Has iniciado sesion como: profesor
2021-02-05 13:41:18,846 INFO org.springframework.samples.petclinic.web.UsuarioController [http-nio-8081-exec-5] Auth: profesor
2021-02-05 13:41:18,847 INFO org.springframework.samples.petclinic.web.SolicitudController [http-nio-8081-exec-3] funciona esto
2021-02-05 13:44:38,341 INFO org.springframework.samples.petclinic.web.UsuarioController [http-nio-8081-exec-10] Auth: profesor
2021-02-05 13:44:38,342 INFO org.springframework.samples.petclinic.web.SolicitudController [http-nio-8081-exec-2] Has iniciado sesion como: profesor
2021-02-05 13:44:38,344 INFO org.springframework.samples.petclinic.web.SolicitudController [http-nio-8081-exec-2] funciona esto
2021-02-05 13:44:38,527 INFO org.springframework.samples.petclinic.web.UsuarioController [http-nio-8081-exec-1] Auth: profesor
2021-02-05 13:44:38,528 INFO org.springframework.samples.petclinic.web.SolicitudController [http-nio-8081-exec-4] Has iniciado sesion como: profesor
2021-02-05 13:44:38,530 INFO org.springframework.samples.petclinic.web.SolicitudController [http-nio-8081-exec-4] funciona esto
2021-02-05 13:44:38,718 INFO org.springframework.samples.petclinic.web.SolicitudController [http-nio-8081-exec-8] Has iniciado sesion como: profesor
2021-02-05 13:44:38,719 INFO org.springframework.samples.petclinic.web.SolicitudController [http-nio-8081-exec-8] funciona esto
2021-02-05 13:44:38,727 INFO org.springframework.samples.petclinic.web.UsuarioController [http-nio-8081-exec-6] Auth: profesor
2021-02-05 13:45:33,141 INFO org.springframework.samples.petclinic.web.SolicitudController [http-nio-8081-exec-9] Has iniciado sesion como: profesor
2021-02-05 13:45:33,143 INFO org.springframework.samples.petclinic.web.SolicitudController [http-nio-8081-exec-9] funciona esto
2021-02-05 13:45:33,144 INFO org.springframework.samples.petclinic.web.UsuarioController [http-nio-8081-exec-7] Auth: profesor
2021-02-05 13:46:50,476 INFO org.springframework.samples.petclinic.web.UsuarioController [http-nio-8081-exec-1] Auth: profesor
2021-02-05 13:46:50,487 INFO org.springframework.samples.petclinic.web.SolicitudController [http-nio-8081-exec-4] Has iniciado sesion como: profesor
2021-02-05 13:46:50,489 INFO org.springframework.samples.petclinic.web.SolicitudController [http-nio-8081-exec-4] funciona esto
2021-02-05 13:46:52,371 INFO org.springframework.samples.petclinic.web.SolicitudController [http-nio-8081-exec-6] Has iniciado sesion como: profesor
2021-02-05 13:46:52,373 INFO org.springframework.samples.petclinic.web.SolicitudController [http-nio-8081-exec-6] funciona esto
2021-02-05 13:46:52,376 INFO org.springframework.samples.petclinic.web.UsuarioController [http-nio-8081-exec-8] Auth: profesor
2021-02-05 13:47:35,748 INFO org.springframework.samples.petclinic.service.UsuarioService [http-nio-8081-exec-2] Type of user: profesor
2021-02-05 13:47:35,749 INFO org.springframework.samples.petclinic.web.UsuarioController [http-nio-8081-exec-2] MaribelJavi login: profesor
2021-02-05 13:47:35,776 INFO org.springframework.samples.petclinic.web.SolicitudController [http-nio-8081-exec-1] Has iniciado sesion como: profesor
2021-02-05 13:47:35,777 INFO org.springframework.samples.petclinic.web.SolicitudController [http-nio-8081-exec-1] funciona esto
2021-02-05 13:47:35,777 INFO org.springframework.samples.petclinic.web.UsuarioController [http-nio-8081-exec-4] Auth: profesor
2021-02-05 14:01:24,955 INFO org.springframework.samples.petclinic.web.SolicitudController [http-nio-8081-exec-3] Has iniciado sesion como: profesor
2021-02-05 14:01:24,956 INFO org.springframework.samples.petclinic.web.SolicitudController [http-nio-8081-exec-3] funciona esto
2021-02-05 14:01:24,964 INFO org.springframework.samples.petclinic.web.UsuarioController [http-nio-8081-exec-5] Auth: profesor
2021-02-05 14:25:48,399 INFO org.springframework.samples.petclinic.web.UsuarioController [http-nio-8081-exec-6] Auth: usuario
2021-02-05 14:25:48,519 WARN org.springframework.web.servlet.handler.AbstractHandlerExceptionResolver [http-nio-8081-exec-1] Resolved [java.lang.NullPointerException]
2021-02-05 15:29:34,135 WARN com.zaxxer.hikari.pool.HikariPool$HouseKeeper [HikariPool-2 housekeeper] HikariPool-2 - Thread starvation or clock leap detected (housekeeper delta=9m47s632ms352µs600ns).
2021-02-05 16:40:05,446 INFO org.springframework.samples.petclinic.service.UsuarioService [http-nio-8081-exec-7] Type of user: profesor
2021-02-05 16:40:05,452 INFO org.springframework.samples.petclinic.web.UsuarioController [http-nio-8081-exec-7] MaribelJavi login: profesor
2021-02-05 16:40:05,489 INFO org.springframework.samples.petclinic.web.UsuarioController [http-nio-8081-exec-9] Auth: profesor
2021-02-05 16:40:05,494 INFO org.springframework.samples.petclinic.web.SolicitudController [http-nio-8081-exec-10] Has iniciado sesion como: profesor
2021-02-05 16:40:05,495 INFO org.springframework.samples.petclinic.web.SolicitudController [http-nio-8081-exec-10] funciona esto
2021-02-05 16:40:11,325 INFO org.springframework.samples.petclinic.web.UsuarioController [http-nio-8081-exec-1] Auth: usuario
2021-02-05 16:40:11,325 WARN org.springframework.web.servlet.handler.AbstractHandlerExceptionResolver [http-nio-8081-exec-6] Resolved [java.lang.NullPointerException]
2021-02-05 16:40:12,738 INFO org.springframework.samples.petclinic.service.UsuarioService [http-nio-8081-exec-5] Type of user: profesor
2021-02-05 16:40:12,740 INFO org.springframework.samples.petclinic.web.UsuarioController [http-nio-8081-exec-5] MaribelJavi login: profesor
2021-02-05 16:40:12,779 INFO org.springframework.samples.petclinic.web.SolicitudController [http-nio-8081-exec-3] Has iniciado sesion como: profesor
2021-02-05 16:40:12,780 INFO org.springframework.samples.petclinic.web.SolicitudController [http-nio-8081-exec-3] funciona esto
2021-02-05 16:40:12,781 INFO org.springframework.samples.petclinic.web.UsuarioController [http-nio-8081-exec-8] Auth: profesor
2021-02-05 16:43:54,542 INFO org.springframework.samples.petclinic.web.UsuarioController [http-nio-8081-exec-4] Auth: profesor
2021-02-05 16:43:54,542 INFO org.springframework.samples.petclinic.web.SolicitudController [http-nio-8081-exec-2] Has iniciado sesion como: profesor
2021-02-05 16:43:54,543 INFO org.springframework.samples.petclinic.web.SolicitudController [http-nio-8081-exec-2] funciona esto
